<?xml version="1.0" encoding="UTF-8"?>
<!-- Generated by org.testng.reporters.JUnitReportReporter -->
<testsuite hostname="LVAGPLTP2689" failures="0" tests="1" name="restAssured.GetClass" time="2.720" errors="0" timestamp="16 Feb 2020 19:44:11 GMT" skipped="0">
  <testcase classname="restAssured.GetClass" name="getMethod" time="2.720"/>
</testsuite> <!-- restAssured.GetClass -->
