<?xml version="1.0" encoding="UTF-8"?>
<!-- Generated by org.testng.reporters.JUnitReportReporter -->
<testsuite hostname="LVAGPLTP2689" failures="0" tests="1" name="restAssured.PutClass" time="3.762" errors="0" timestamp="05 Dec 2019 16:40:38 GMT" skipped="0">
  <testcase classname="restAssured.PutClass" name="putMethod" time="3.762"/>
</testsuite> <!-- restAssured.PutClass -->
