<?xml version="1.0" encoding="UTF-8"?>
<!-- Generated by org.testng.reporters.JUnitReportReporter -->
<testsuite hostname="LVAGPLTP2689" failures="0" tests="1" name="restAssured.PostClass" time="4.359" errors="0" timestamp="05 Dec 2019 15:54:06 GMT" skipped="0">
  <testcase classname="restAssured.PostClass" name="postMethod" time="4.359"/>
</testsuite> <!-- restAssured.PostClass -->
